# JRE version: Java(TM) SE Runtime Environment (8.0_31-b15) (build 1.8.0_31-b15)
# Java VM: Java HotSpot(TM) 64-Bit Server VM (25.31-b07 mixed mode bsd-amd64 compressed oops)
Heap:
 PSYoungGen      total 38400K, used 7118K [0x0000000795580000, 0x0000000798000000, 0x00000007c0000000)
  eden space 33280K, 9% used [0x0000000795580000,0x0000000795888ab0,0x0000000797600000)
  from space 5120K, 78% used [0x0000000797600000,0x00000007979eaf08,0x0000000797b00000)
  to   space 5120K, 0% used [0x0000000797b00000,0x0000000797b00000,0x0000000798000000)
 ParOldGen       total 87552K, used 504K [0x0000000740000000, 0x0000000745580000, 0x0000000795580000)
  object space 87552K, 0% used [0x0000000740000000,0x000000074007e348,0x0000000745580000)
 Metaspace       used 12820K, capacity 12926K, committed 13184K, reserved 1060864K
  class space    used 1297K, capacity 1343K, committed 1408K, reserved 1048576K
GC Heap History (6 events):
Event: 2.708 GC heap before
{Heap before GC invocations=1 (full 0):
 PSYoungGen      total 38400K, used 33280K [0x0000000795580000, 0x0000000798000000, 0x00000007c0000000)
  eden space 33280K, 100% used [0x0000000795580000,0x0000000797600000,0x0000000797600000)
  from space 5120K, 0% used [0x0000000797b00000,0x0000000797b00000,0x0000000798000000)
  to   space 5120K, 0% used [0x0000000797600000,0x0000000797600000,0x0000000797b00000)
 ParOldGen       total 87552K, used 0K [0x0000000740000000, 0x0000000745580000, 0x0000000795580000)
  object space 87552K, 0% used [0x0000000740000000,0x0000000740000038,0x0000000745580000)
 Metaspace       used 12315K, capacity 12478K, committed 12672K, reserved 1060864K
  class space    used 1273K, capacity 1343K, committed 1408K, reserved 1048576K
Event: 2.714 GC heap after
Heap after GC invocations=1 (full 0):
 PSYoungGen      total 38400K, used 5106K [0x0000000795580000, 0x0000000798000000, 0x00000007c0000000)
  eden space 33280K, 0% used [0x0000000795580000,0x0000000795580000,0x0000000797600000)
  from space 5120K, 99% used [0x0000000797600000,0x0000000797afc9e0,0x0000000797b00000)
  to   space 5120K, 0% used [0x0000000797b00000,0x0000000797b00000,0x0000000798000000)
 ParOldGen       total 87552K, used 485K [0x0000000740000000, 0x0000000745580000, 0x0000000795580000)
  object space 87552K, 0% used [0x0000000740000000,0x00000007400795e0,0x0000000745580000)
 Metaspace       used 12315K, capacity 12478K, committed 12672K, reserved 1060864K
  class space    used 1273K, capacity 1343K, committed 1408K, reserved 1048576K
}
Event: 67.596 GC heap before
{Heap before GC invocations=2 (full 0):
 PSYoungGen      total 38400K, used 38386K [0x0000000795580000, 0x0000000798000000, 0x00000007c0000000)
  eden space 33280K, 100% used [0x0000000795580000,0x0000000797600000,0x0000000797600000)
  from space 5120K, 99% used [0x0000000797600000,0x0000000797afc9e0,0x0000000797b00000)
  to   space 5120K, 0% used [0x0000000797b00000,0x0000000797b00000,0x0000000798000000)
 ParOldGen       total 87552K, used 488K [0x0000000740000000, 0x0000000745580000, 0x0000000795580000)
  object space 87552K, 0% used [0x0000000740000000,0x000000074007a348,0x0000000745580000)
 Metaspace       used 12758K, capacity 12926K, committed 13184K, reserved 1060864K
  class space    used 1292K, capacity 1343K, committed 1408K, reserved 1048576K
Event: 67.603 GC heap after
Heap after GC invocations=2 (full 0):
 PSYoungGen      total 38400K, used 3995K [0x0000000795580000, 0x0000000798000000, 0x00000007c0000000)
  eden space 33280K, 0% used [0x0000000795580000,0x0000000795580000,0x0000000797600000)
  from space 5120K, 78% used [0x0000000797b00000,0x0000000797ee6f18,0x0000000798000000)
  to   space 5120K, 0% used [0x0000000797600000,0x0000000797600000,0x0000000797b00000)
 ParOldGen       total 87552K, used 496K [0x0000000740000000, 0x0000000745580000, 0x0000000795580000)
  object space 87552K, 0% used [0x0000000740000000,0x000000074007c348,0x0000000745580000)
 Metaspace       used 12758K, capacity 12926K, committed 13184K, reserved 1060864K
  class space    used 1292K, capacity 1343K, committed 1408K, reserved 1048576K
}
Event: 161.780 GC heap before
{Heap before GC invocations=3 (full 0):
 PSYoungGen      total 38400K, used 37275K [0x0000000795580000, 0x0000000798000000, 0x00000007c0000000)
  eden space 33280K, 100% used [0x0000000795580000,0x0000000797600000,0x0000000797600000)
  from space 5120K, 78% used [0x0000000797b00000,0x0000000797ee6f18,0x0000000798000000)
  to   space 5120K, 0% used [0x0000000797600000,0x0000000797600000,0x0000000797b00000)
 ParOldGen       total 87552K, used 496K [0x0000000740000000, 0x0000000745580000, 0x0000000795580000)
  object space 87552K, 0% used [0x0000000740000000,0x000000074007c348,0x0000000745580000)
 Metaspace       used 12804K, capacity 12926K, committed 13184K, reserved 1060864K
  class space    used 1293K, capacity 1343K, committed 1408K, reserved 1048576K
Event: 161.785 GC heap after
Heap after GC invocations=3 (full 0):
 PSYoungGen      total 38400K, used 4011K [0x0000000795580000, 0x0000000798000000, 0x00000007c0000000)
  eden space 33280K, 0% used [0x0000000795580000,0x0000000795580000,0x0000000797600000)
  from space 5120K, 78% used [0x0000000797600000,0x00000007979eaf08,0x0000000797b00000)
  to   space 5120K, 0% used [0x0000000797b00000,0x0000000797b00000,0x0000000798000000)
 ParOldGen       total 87552K, used 504K [0x0000000740000000, 0x0000000745580000, 0x0000000795580000)
  object space 87552K, 0% used [0x0000000740000000,0x000000074007e348,0x0000000745580000)
 Metaspace       used 12804K, capacity 12926K, committed 13184K, reserved 1060864K
  class space    used 1293K, capacity 1343K, committed 1408K, reserved 1048576K
}

