# JRE version: Java(TM) SE Runtime Environment (8.0_31-b15) (build 1.8.0_31-b15)
# Java VM: Java HotSpot(TM) 64-Bit Server VM (25.31-b07 mixed mode bsd-amd64 compressed oops)
Heap:
 PSYoungGen      total 38400K, used 15368K [0x0000000795580000, 0x0000000798000000, 0x00000007c0000000)
  eden space 33280K, 33% used [0x0000000795580000,0x000000079608b440,0x0000000797600000)
  from space 5120K, 79% used [0x0000000797b00000,0x0000000797ef6f18,0x0000000798000000)
  to   space 5120K, 0% used [0x0000000797600000,0x0000000797600000,0x0000000797b00000)
 ParOldGen       total 87552K, used 570K [0x0000000740000000, 0x0000000745580000, 0x0000000795580000)
  object space 87552K, 0% used [0x0000000740000000,0x000000074008e8c8,0x0000000745580000)
 Metaspace       used 12839K, capacity 12930K, committed 13184K, reserved 1060864K
  class space    used 1293K, capacity 1343K, committed 1408K, reserved 1048576K
GC Heap History (8 events):
Event: 10.050 GC heap before
{Heap before GC invocations=1 (full 0):
 PSYoungGen      total 38400K, used 33280K [0x0000000795580000, 0x0000000798000000, 0x00000007c0000000)
  eden space 33280K, 100% used [0x0000000795580000,0x0000000797600000,0x0000000797600000)
  from space 5120K, 0% used [0x0000000797b00000,0x0000000797b00000,0x0000000798000000)
  to   space 5120K, 0% used [0x0000000797600000,0x0000000797600000,0x0000000797b00000)
 ParOldGen       total 87552K, used 0K [0x0000000740000000, 0x0000000745580000, 0x0000000795580000)
  object space 87552K, 0% used [0x0000000740000000,0x0000000740000000,0x0000000745580000)
 Metaspace       used 12411K, capacity 12546K, committed 12672K, reserved 1060864K
  class space    used 1276K, capacity 1343K, committed 1408K, reserved 1048576K
Event: 10.056 GC heap after
Heap after GC invocations=1 (full 0):
 PSYoungGen      total 38400K, used 5109K [0x0000000795580000, 0x0000000798000000, 0x00000007c0000000)
  eden space 33280K, 0% used [0x0000000795580000,0x0000000795580000,0x0000000797600000)
  from space 5120K, 99% used [0x0000000797600000,0x0000000797afd670,0x0000000797b00000)
  to   space 5120K, 0% used [0x0000000797b00000,0x0000000797b00000,0x0000000798000000)
 ParOldGen       total 87552K, used 546K [0x0000000740000000, 0x0000000745580000, 0x0000000795580000)
  object space 87552K, 0% used [0x0000000740000000,0x00000007400888c8,0x0000000745580000)
 Metaspace       used 12411K, capacity 12546K, committed 12672K, reserved 1060864K
  class space    used 1276K, capacity 1343K, committed 1408K, reserved 1048576K
}
Event: 77.194 GC heap before
{Heap before GC invocations=2 (full 0):
 PSYoungGen      total 38400K, used 38389K [0x0000000795580000, 0x0000000798000000, 0x00000007c0000000)
  eden space 33280K, 100% used [0x0000000795580000,0x0000000797600000,0x0000000797600000)
  from space 5120K, 99% used [0x0000000797600000,0x0000000797afd670,0x0000000797b00000)
  to   space 5120K, 0% used [0x0000000797b00000,0x0000000797b00000,0x0000000798000000)
 ParOldGen       total 87552K, used 546K [0x0000000740000000, 0x0000000745580000, 0x0000000795580000)
  object space 87552K, 0% used [0x0000000740000000,0x00000007400888c8,0x0000000745580000)
 Metaspace       used 12735K, capacity 12930K, committed 13184K, reserved 1060864K
  class space    used 1287K, capacity 1343K, committed 1408K, reserved 1048576K
Event: 77.201 GC heap after
Heap after GC invocations=2 (full 0):
 PSYoungGen      total 38400K, used 3979K [0x0000000795580000, 0x0000000798000000, 0x00000007c0000000)
  eden space 33280K, 0% used [0x0000000795580000,0x0000000795580000,0x0000000797600000)
  from space 5120K, 77% used [0x0000000797b00000,0x0000000797ee2f28,0x0000000798000000)
  to   space 5120K, 0% used [0x0000000797600000,0x0000000797600000,0x0000000797b00000)
 ParOldGen       total 87552K, used 554K [0x0000000740000000, 0x0000000745580000, 0x0000000795580000)
  object space 87552K, 0% used [0x0000000740000000,0x000000074008a8c8,0x0000000745580000)
 Metaspace       used 12735K, capacity 12930K, committed 13184K, reserved 1060864K
  class space    used 1287K, capacity 1343K, committed 1408K, reserved 1048576K
}
Event: 203.184 GC heap before
{Heap before GC invocations=3 (full 0):
 PSYoungGen      total 38400K, used 37259K [0x0000000795580000, 0x0000000798000000, 0x00000007c0000000)
  eden space 33280K, 100% used [0x0000000795580000,0x0000000797600000,0x0000000797600000)
  from space 5120K, 77% used [0x0000000797b00000,0x0000000797ee2f28,0x0000000798000000)
  to   space 5120K, 0% used [0x0000000797600000,0x0000000797600000,0x0000000797b00000)
 ParOldGen       total 87552K, used 554K [0x0000000740000000, 0x0000000745580000, 0x0000000795580000)
  object space 87552K, 0% used [0x0000000740000000,0x000000074008a8c8,0x0000000745580000)
 Metaspace       used 12785K, capacity 12930K, committed 13184K, reserved 1060864K
  class space    used 1289K, capacity 1343K, committed 1408K, reserved 1048576K
Event: 203.190 GC heap after
Heap after GC invocations=3 (full 0):
 PSYoungGen      total 38400K, used 3947K [0x0000000795580000, 0x0000000798000000, 0x00000007c0000000)
  eden space 33280K, 0% used [0x0000000795580000,0x0000000795580000,0x0000000797600000)
  from space 5120K, 77% used [0x0000000797600000,0x00000007979daf28,0x0000000797b00000)
  to   space 5120K, 0% used [0x0000000797b00000,0x0000000797b00000,0x0000000798000000)
 ParOldGen       total 87552K, used 562K [0x0000000740000000, 0x0000000745580000, 0x0000000795580000)
  object space 87552K, 0% used [0x0000000740000000,0x000000074008c8c8,0x0000000745580000)
 Metaspace       used 12785K, capacity 12930K, committed 13184K, reserved 1060864K
  class space    used 1289K, capacity 1343K, committed 1408K, reserved 1048576K
}
Event: 320.804 GC heap before
{Heap before GC invocations=4 (full 0):
 PSYoungGen      total 38400K, used 37227K [0x0000000795580000, 0x0000000798000000, 0x00000007c0000000)
  eden space 33280K, 100% used [0x0000000795580000,0x0000000797600000,0x0000000797600000)
  from space 5120K, 77% used [0x0000000797600000,0x00000007979daf28,0x0000000797b00000)
  to   space 5120K, 0% used [0x0000000797b00000,0x0000000797b00000,0x0000000798000000)
 ParOldGen       total 87552K, used 562K [0x0000000740000000, 0x0000000745580000, 0x0000000795580000)
  object space 87552K, 0% used [0x0000000740000000,0x000000074008c8c8,0x0000000745580000)
 Metaspace       used 12819K, capacity 12930K, committed 13184K, reserved 1060864K
  class space    used 1289K, capacity 1343K, committed 1408K, reserved 1048576K
Event: 320.809 GC heap after
Heap after GC invocations=4 (full 0):
 PSYoungGen      total 38400K, used 4059K [0x0000000795580000, 0x0000000798000000, 0x00000007c0000000)
  eden space 33280K, 0% used [0x0000000795580000,0x0000000795580000,0x0000000797600000)
  from space 5120K, 79% used [0x0000000797b00000,0x0000000797ef6f18,0x0000000798000000)
  to   space 5120K, 0% used [0x0000000797600000,0x0000000797600000,0x0000000797b00000)
 ParOldGen       total 87552K, used 570K [0x0000000740000000, 0x0000000745580000, 0x0000000795580000)
  object space 87552K, 0% used [0x0000000740000000,0x000000074008e8c8,0x0000000745580000)
 Metaspace       used 12819K, capacity 12930K, committed 13184K, reserved 1060864K
  class space    used 1289K, capacity 1343K, committed 1408K, reserved 1048576K
}

