# JRE version: Java(TM) SE Runtime Environment (8.0_31-b15) (build 1.8.0_31-b15)
# Java VM: Java HotSpot(TM) 64-Bit Server VM (25.31-b07 mixed mode bsd-amd64 compressed oops)
Heap:
 PSYoungGen      total 655360K, used 402189K [0x0000000795580000, 0x00000007bfa80000, 0x00000007c0000000)
  eden space 654336K, 61% used [0x0000000795580000,0x00000007add66758,0x00000007bd480000)
  from space 1024K, 86% used [0x00000007bf400000,0x00000007bf4dcd60,0x00000007bf500000)
  to   space 5120K, 0% used [0x00000007bf580000,0x00000007bf580000,0x00000007bfa80000)
 ParOldGen       total 87552K, used 8194K [0x0000000740000000, 0x0000000745580000, 0x0000000795580000)
  object space 87552K, 9% used [0x0000000740000000,0x0000000740800810,0x0000000745580000)
 Metaspace       used 13885K, capacity 13990K, committed 14208K, reserved 1062912K
  class space    used 1338K, capacity 1377K, committed 1408K, reserved 1048576K
GC Heap History (10 events):
Event: 511.233 GC heap before
{Heap before GC invocations=21 (full 0):
 PSYoungGen      total 417280K, used 410013K [0x0000000795580000, 0x00000007af400000, 0x00000007c0000000)
  eden space 410112K, 99% used [0x0000000795580000,0x00000007ae590d38,0x00000007ae600000)
  from space 7168K, 4% used [0x00000007aed00000,0x00000007aed569c8,0x00000007af400000)
  to   space 7168K, 0% used [0x00000007ae600000,0x00000007ae600000,0x00000007aed00000)
 ParOldGen       total 87552K, used 7319K [0x0000000740000000, 0x0000000745580000, 0x0000000795580000)
  object space 87552K, 8% used [0x0000000740000000,0x0000000740725d78,0x0000000745580000)
 Metaspace       used 13726K, capacity 13862K, committed 14208K, reserved 1062912K
  class space    used 1335K, capacity 1377K, committed 1408K, reserved 1048576K
Event: 511.234 GC heap after
Heap after GC invocations=21 (full 0):
 PSYoungGen      total 417280K, used 759K [0x0000000795580000, 0x00000007b9380000, 0x00000007c0000000)
  eden space 410112K, 0% used [0x0000000795580000,0x0000000795580000,0x00000007ae600000)
  from space 7168K, 10% used [0x00000007ae600000,0x00000007ae6bdd60,0x00000007aed00000)
  to   space 6656K, 0% used [0x00000007b8d00000,0x00000007b8d00000,0x00000007b9380000)
 ParOldGen       total 87552K, used 7327K [0x0000000740000000, 0x0000000745580000, 0x0000000795580000)
  object space 87552K, 8% used [0x0000000740000000,0x0000000740727d78,0x0000000745580000)
 Metaspace       used 13726K, capacity 13862K, committed 14208K, reserved 1062912K
  class space    used 1335K, capacity 1377K, committed 1408K, reserved 1048576K
}
Event: 601.510 GC heap before
{Heap before GC invocations=22 (full 0):
 PSYoungGen      total 417280K, used 410831K [0x0000000795580000, 0x00000007b9380000, 0x00000007c0000000)
  eden space 410112K, 99% used [0x0000000795580000,0x00000007ae5f6028,0x00000007ae600000)
  from space 7168K, 10% used [0x00000007ae600000,0x00000007ae6bdd60,0x00000007aed00000)
  to   space 6656K, 0% used [0x00000007b8d00000,0x00000007b8d00000,0x00000007b9380000)
 ParOldGen       total 87552K, used 7327K [0x0000000740000000, 0x0000000745580000, 0x0000000795580000)
  object space 87552K, 8% used [0x0000000740000000,0x0000000740727d78,0x0000000745580000)
 Metaspace       used 13797K, capacity 13926K, committed 14208K, reserved 1062912K
  class space    used 1335K, capacity 1377K, committed 1408K, reserved 1048576K
Event: 601.512 GC heap after
Heap after GC invocations=22 (full 0):
 PSYoungGen      total 580096K, used 871K [0x0000000795580000, 0x00000007b9280000, 0x00000007c0000000)
  eden space 574464K, 0% used [0x0000000795580000,0x0000000795580000,0x00000007b8680000)
  from space 5632K, 15% used [0x00000007b8d00000,0x00000007b8dd9e48,0x00000007b9280000)
  to   space 6144K, 0% used [0x00000007b8680000,0x00000007b8680000,0x00000007b8c80000)
 ParOldGen       total 87552K, used 7335K [0x0000000740000000, 0x0000000745580000, 0x0000000795580000)
  object space 87552K, 8% used [0x0000000740000000,0x0000000740729d78,0x0000000745580000)
 Metaspace       used 13797K, capacity 13926K, committed 14208K, reserved 1062912K
  class space    used 1335K, capacity 1377K, committed 1408K, reserved 1048576K
}
Event: 601.805 GC heap before
{Heap before GC invocations=23 (full 0):
 PSYoungGen      total 580096K, used 575242K [0x0000000795580000, 0x00000007b9280000, 0x00000007c0000000)
  eden space 574464K, 99% used [0x0000000795580000,0x00000007b8668d98,0x00000007b8680000)
  from space 5632K, 15% used [0x00000007b8d00000,0x00000007b8dd9e48,0x00000007b9280000)
  to   space 6144K, 0% used [0x00000007b8680000,0x00000007b8680000,0x00000007b8c80000)
 ParOldGen       total 87552K, used 7335K [0x0000000740000000, 0x0000000745580000, 0x0000000795580000)
  object space 87552K, 8% used [0x0000000740000000,0x0000000740729d78,0x0000000745580000)
 Metaspace       used 13797K, capacity 13926K, committed 14208K, reserved 1062912K
  class space    used 1335K, capacity 1377K, committed 1408K, reserved 1048576K
Event: 601.807 GC heap after
Heap after GC invocations=23 (full 0):
 PSYoungGen      total 580608K, used 307K [0x0000000795580000, 0x00000007c0000000, 0x00000007c0000000)
  eden space 574464K, 0% used [0x0000000795580000,0x0000000795580000,0x00000007b8680000)
  from space 6144K, 5% used [0x00000007b8680000,0x00000007b86ccd80,0x00000007b8c80000)
  to   space 6144K, 0% used [0x00000007bfa00000,0x00000007bfa00000,0x00000007c0000000)
 ParOldGen       total 87552K, used 7836K [0x0000000740000000, 0x0000000745580000, 0x0000000795580000)
  object space 87552K, 8% used [0x0000000740000000,0x00000007407a7350,0x0000000745580000)
 Metaspace       used 13797K, capacity 13926K, committed 14208K, reserved 1062912K
  class space    used 1335K, capacity 1377K, committed 1408K, reserved 1048576K
}
Event: 628.537 GC heap before
{Heap before GC invocations=24 (full 0):
 PSYoungGen      total 580608K, used 574705K [0x0000000795580000, 0x00000007c0000000, 0x00000007c0000000)
  eden space 574464K, 99% used [0x0000000795580000,0x00000007b866f880,0x00000007b8680000)
  from space 6144K, 5% used [0x00000007b8680000,0x00000007b86ccd80,0x00000007b8c80000)
  to   space 6144K, 0% used [0x00000007bfa00000,0x00000007bfa00000,0x00000007c0000000)
 ParOldGen       total 87552K, used 7836K [0x0000000740000000, 0x0000000745580000, 0x0000000795580000)
  object space 87552K, 8% used [0x0000000740000000,0x00000007407a7350,0x0000000745580000)
 Metaspace       used 13815K, capacity 13926K, committed 14208K, reserved 1062912K
  class space    used 1335K, capacity 1377K, committed 1408K, reserved 1048576K
Event: 628.538 GC heap after
Heap after GC invocations=24 (full 0):
 PSYoungGen      total 691712K, used 644K [0x0000000795580000, 0x00000007bff00000, 0x00000007c0000000)
  eden space 686592K, 0% used [0x0000000795580000,0x0000000795580000,0x00000007bf400000)
  from space 5120K, 12% used [0x00000007bfa00000,0x00000007bfaa13a8,0x00000007bff00000)
  to   space 5632K, 0% used [0x00000007bf400000,0x00000007bf400000,0x00000007bf980000)
 ParOldGen       total 87552K, used 7844K [0x0000000740000000, 0x0000000745580000, 0x0000000795580000)
  object space 87552K, 8% used [0x0000000740000000,0x00000007407a9350,0x0000000745580000)
 Metaspace       used 13815K, capacity 13926K, committed 14208K, reserved 1062912K
  class space    used 1335K, capacity 1377K, committed 1408K, reserved 1048576K
}
Event: 822.219 GC heap before
{Heap before GC invocations=25 (full 0):
 PSYoungGen      total 691712K, used 687017K [0x0000000795580000, 0x00000007bff00000, 0x00000007c0000000)
  eden space 686592K, 99% used [0x0000000795580000,0x00000007bf3c9078,0x00000007bf400000)
  from space 5120K, 12% used [0x00000007bfa00000,0x00000007bfaa13a8,0x00000007bff00000)
  to   space 5632K, 0% used [0x00000007bf400000,0x00000007bf400000,0x00000007bf980000)
 ParOldGen       total 87552K, used 7844K [0x0000000740000000, 0x0000000745580000, 0x0000000795580000)
  object space 87552K, 8% used [0x0000000740000000,0x00000007407a9350,0x0000000745580000)
 Metaspace       used 13828K, capacity 13990K, committed 14208K, reserved 1062912K
  class space    used 1336K, capacity 1377K, committed 1408K, reserved 1048576K
Event: 822.221 GC heap after
Heap after GC invocations=25 (full 0):
 PSYoungGen      total 655360K, used 883K [0x0000000795580000, 0x00000007bfa80000, 0x00000007c0000000)
  eden space 654336K, 0% used [0x0000000795580000,0x0000000795580000,0x00000007bd480000)
  from space 1024K, 86% used [0x00000007bf400000,0x00000007bf4dcd60,0x00000007bf500000)
  to   space 5120K, 0% used [0x00000007bf580000,0x00000007bf580000,0x00000007bfa80000)
 ParOldGen       total 87552K, used 8194K [0x0000000740000000, 0x0000000745580000, 0x0000000795580000)
  object space 87552K, 9% used [0x0000000740000000,0x0000000740800810,0x0000000745580000)
 Metaspace       used 13828K, capacity 13990K, committed 14208K, reserved 1062912K
  class space    used 1336K, capacity 1377K, committed 1408K, reserved 1048576K
}

